Clus run simple
***************

Date: 27/10/16 17:05
File: toyHMC.out
Attributes: 3 (input: 2, output: 1)
Missing values: No

[General]
Verbose = 1
Compatibility = Latest
RandomSeed = 0
ResourceInfoLoaded = No

[Data]
File = toyHMC.arff
TestSet = toyHMC.arff
PruneSet = toyHMC.arff
PruneSetMax = Infinity
XVal = 10
RemoveMissingTarget = No
NormalizeData = None

[Attributes]
Target = 3
Clustering = 3
Descriptive = 1-2
Key = None
Disable = None
Weights = Normalize
ClusteringWeights = 1.0
ReduceMemoryNominalAttrs = No

[Constraints]
Syntactic = None
MaxSize = Infinity
MaxError = 0.0
MaxDepth = Infinity

[Output]
ShowModels = {Default, Pruned, Others}
TrainErrors = Yes
ValidErrors = Yes
TestErrors = Yes
AllFoldModels = Yes
AllFoldErrors = No
AllFoldDatasets = No
UnknownFrequency = No
BranchFrequency = No
ShowInfo = {Count}
PrintModelAndExamples = No
WriteErrorFile = No
WritePredictions = {Test}
ModelIDFiles = No
WriteCurves = No
OutputPythonModel = No
OutputDatabaseQueries = No

[Nominal]
MEstimate = 1.0

[Model]
MinimalWeight = 1.0
MinimalNumberExamples = 0
MinimalKnownWeight = 0.0
ParamTuneNumberFolds = 10
ClassWeights = 0.0
NominalSubsetTests = Yes

[Tree]
Heuristic = VarianceReduction
PruningMethod = None
FTest = 1.0
BinarySplit = Yes
ConvertToRules = No
AlternativeSplits = No
Optimize = {}
MSENominal = No
SplitSampling = None
InductionOrder = DepthFirst

[Hierarchical]
Type = Tree
Distance = WeightedEuclidean
WType = ExpAvgParentWeight
WParam = 0.75
HSeparator = /
EmptySetIndicator = n
OptimizeErrorMeasure = PooledAUPRC
DefinitionFile = None
NoRootPredictions = No
PruneInSig = 0.0
Bonferroni = No
SingleLabel = No
CalculateErrors = Yes
ClassificationThreshold = None
RecallValues = None
EvalClasses = None
MEstimate = No

Run: 01
*******

Statistics
----------

FTValue (FTest): 1.0
Induction Time: 0.001 sec
Pruning Time: 0.001 sec
Model information
     Default: Nodes = 1 (Leaves: 1)
     Original: Nodes = 7 (Leaves: 4)

Training error
--------------

Number of examples: 10
Hierarchical error measures
   Original: 
      Average AUROC:            0.8833333333333334
      Average AUPRC:            0.9791666666666666
      Average AUPRC (weighted): 0.9851190476190477
      Pooled AUPRC:             0.9975340136054422
      0: rec, AUROC: 0.5, AUPRC: 1, Freq: 1
      1: rec/auto, AUROC: 1, AUPRC: 1, Freq: 0.2
      2: rec/sport, AUROC: 1, AUPRC: 1, Freq: 0.8
      3: rec/sport/run, AUROC: 1, AUPRC: 1, Freq: 0.4
      4: rec/sport/swim, AUROC: 0.916667, AUPRC: 0.895833, Freq: 0.4

Testing error
-------------

Number of examples: 5
Hierarchical error measures
   Original: 
      Average AUROC:            0.8833333333333334
      Average AUPRC:            0.9833333333333334
      Average AUPRC (weighted): 0.9880952380952381
      Pooled AUPRC:             0.9976190476190476
      0: rec, AUROC: 0.5, AUPRC: 1, Freq: 1
      1: rec/auto, AUROC: 1, AUPRC: 1, Freq: 0.2
      2: rec/sport, AUROC: 1, AUPRC: 1, Freq: 0.8
      3: rec/sport/run, AUROC: 1, AUPRC: 1, Freq: 0.4
      4: rec/sport/swim, AUROC: 0.916667, AUPRC: 0.916667, Freq: 0.4

Default Model
*************

[1,0.2,0.8,0.4,0.4]: 10

Original Model
**************

A = a
+--yes: B = 1
|       +--yes: [1,0,1,0,1]: 2
|       +--no:  [1,0,1,1,0.5]: 4
+--no:  B = 1
        +--yes: [1,0,1,0,0]: 2
        +--no:  [1,1,0,0,0]: 2

