Clus run pageBlocks.data
************************

Date: 23/01/17 16:34
File: S0settingsFold1.out
Attributes: 11 (input: 10, output: 1)
Missing values: No

[General]
Verbose = 1
Compatibility = Latest
RandomSeed = 0
ResourceInfoLoaded = No

[Data]
File = /Users/katie/thesisoutput/out/classBalanced/pageBlocks/S0fold1.arff
TestSet = /Users/katie/thesisoutput/out/classBalanced/pageBlocks/S0test1.arff
PruneSet = None
XVal = 10
RemoveMissingTarget = No
NormalizeData = None

[Attributes]
Target = 11
Clustering = 11
Descriptive = 1-10
Key = None
Disable = None
Weights = Normalize
ClusteringWeights = 1.0
ReduceMemoryNominalAttrs = No

[Constraints]
Syntactic = None
MaxSize = Infinity
MaxError = 0.0
MaxDepth = Infinity

[Output]
ShowModels = {Default, Pruned, Others}
TrainErrors = Yes
ValidErrors = Yes
TestErrors = Yes
AllFoldModels = Yes
AllFoldErrors = Yes
AllFoldDatasets = No
UnknownFrequency = No
BranchFrequency = No
ShowInfo = {Count}
PrintModelAndExamples = No
WriteErrorFile = No
WritePredictions = {Test}
ModelIDFiles = No
WriteCurves = No
OutputXMLModel = No
OutputPythonModel = No
OutputDatabaseQueries = No

[Nominal]
MEstimate = 1.0

[Model]
MinimalWeight = 1.0
MinimalNumberExamples = 0
MinimalKnownWeight = 0.0
ParamTuneNumberFolds = 10
ClassWeights = 0.0
NominalSubsetTests = Yes

[Tree]
Heuristic = VarianceReduction
PruningMethod = None
FTest = 0.05
BinarySplit = Yes
ConvertToRules = No
AlternativeSplits = No
Optimize = {}
MSENominal = No
SplitSampling = None
InductionOrder = DepthFirst

[Hierarchical]
Type = Tree
Distance = WeightedEuclidean
WType = ExpSumParentWeight
WParam = 0.75
HSeparator = /
EmptySetIndicator = n
OptimizeErrorMeasure = PooledAUPRC
DefinitionFile = None
NoRootPredictions = No
PruneInSig = 0.0
Bonferroni = No
SingleLabel = Yes
CalculateErrors = Yes
ClassificationThreshold = None
RecallValues = None
EvalClasses = None
MEstimate = No

Run: 01
*******

Statistics
----------

FTValue (FTest): 0.05
Induction Time: 0.25 sec
Pruning Time: 0 sec
Model information
     Default: Nodes = 1 (Leaves: 1)
     Original: Nodes = 173 (Leaves: 87)

Training error
--------------

Number of examples: 4925
Hierarchical error measures
   Original: 
      Average AUROC:            0.9438448363981293
      Average AUPRC:            0.9826114590812982
      Average AUPRC (weighted): 0.9988347909718719
      Pooled AUPRC:             0.9998604163773358
      0: 1-2-3-4-5, AUROC: 0.5, AUPRC: 1, Freq: 1
      1: 1-2-3-4-5/1-2, AUROC: 0.999142, AUPRC: 0.999962, Freq: 0.957766
      2: 1-2-3-4-5/1-2/1, AUROC: 0.999151, AUPRC: 0.999905, Freq: 0.897665
      3: 1-2-3-4-5/1-2/2, AUROC: 0.999406, AUPRC: 0.990429, Freq: 0.060102
      4: 1-2-3-4-5/3-4-5, AUROC: 0.999142, AUPRC: 0.98043, Freq: 0.042234
      5: 1-2-3-4-5/3-4-5/3-5, AUROC: 0.999394, AUPRC: 0.980067, Freq: 0.026193
      6: 1-2-3-4-5/3-4-5/3-5/3, AUROC: 0.99982, AUPRC: 0.965848, Freq: 0.005076
      7: 1-2-3-4-5/3-4-5/3-5/5, AUROC: 0.999288, AUPRC: 0.973573, Freq: 0.021117
      8: 1-2-3-4-5/3-4-5/4, AUROC: 0.999259, AUPRC: 0.953289, Freq: 0.016041

Testing error
-------------

Number of examples: 548
Hierarchical error measures
   Original: 
      Average AUROC:            0.8551470511807581
      Average AUPRC:            0.7583097863446786
      Average AUPRC (weighted): 0.9735767573711483
      Pooled AUPRC:             0.9770125201701104
      0: 1-2-3-4-5, AUROC: 0.5, AUPRC: 1, Freq: 1
      1: 1-2-3-4-5/1-2, AUROC: 0.883023, AUPRC: 0.990049, Freq: 0.958029
      2: 1-2-3-4-5/1-2/1, AUROC: 0.938879, AUPRC: 0.987033, Freq: 0.89781
      3: 1-2-3-4-5/1-2/2, AUROC: 0.919565, AUPRC: 0.776409, Freq: 0.060219
      4: 1-2-3-4-5/3-4-5, AUROC: 0.883023, AUPRC: 0.595234, Freq: 0.041971
      5: 1-2-3-4-5/3-4-5/3-5, AUROC: 0.885701, AUPRC: 0.544429, Freq: 0.025547
      6: 1-2-3-4-5/3-4-5/3-5/3, AUROC: 0.999083, AUPRC: 0.75, Freq: 0.005474
      7: 1-2-3-4-5/3-4-5/3-5/5, AUROC: 0.857119, AUPRC: 0.488042, Freq: 0.020073
      8: 1-2-3-4-5/3-4-5/4, AUROC: 0.829932, AUPRC: 0.693592, Freq: 0.016423

Default Model
*************

[1,0.957766,0.897665,0.060102,0.042234,0.026193,0.005076,0.021117,0.016041]: 4925

Original Model
**************

height > 3.0
+--yes: height > 27.0
|       +--yes: eccen > 0.115
|       |       +--yes: p_black > 0.224
|       |       |       +--yes: eccen > 1.254
|       |       |       |       +--yes: area > 25748.0
|       |       |       |       |       +--yes: height > 83.0
|       |       |       |       |       |       +--yes: [1,0,0,0,1,1,1,0,0]: 3
|       |       |       |       |       |       +--no:  [1,0,0,0,1,1,0,1,0]: 4
|       |       |       |       |       +--no:  lenght > 353.0
|       |       |       |       |               +--yes: height > 38.0
|       |       |       |       |               |       +--yes: [1,0,0,0,1,1,0,1,0]: 2
|       |       |       |       |               |       +--no:  [1,1,1,0,0,0,0,0,0]: 2
|       |       |       |       |               +--no:  wb_trans > 215.0
|       |       |       |       |                       +--yes: [1,1,1,0,0,0,0,0,0]: 17
|       |       |       |       |                       +--no:  wb_trans > 127.0
|       |       |       |       |                               +--yes: [1,0.25,0.25,0,0.75,0.75,0.5,0.25,0]: 4
|       |       |       |       |                               +--no:  [1,1,1,0,0,0,0,0,0]: 8
|       |       |       |       +--no:  mean_tr > 7.02
|       |       |       |               +--yes: height > 187.0
|       |       |       |               |       +--yes: [1,0,0,0,1,1,0,1,0]: 1
|       |       |       |               |       +--no:  [1,0,0,0,1,1,1,0,0]: 14
|       |       |       |               +--no:  [1,0.3,0.3,0,0.7,0.7,0.6,0.1,0]: 10
|       |       |       +--no:  eccen > 3.337
|       |       |               +--yes: [1,0.428571,0.428571,0,0.571429,0.571429,0,0.571429,0]: 7
|       |       |               +--no:  eccen > 0.479
|       |       |                       +--yes: [1,0,0,0,1,1,0,1,0]: 37
|       |       |                       +--no:  [1,0.5,0.5,0,0.5,0.5,0,0.5,0]: 2
|       |       +--no:  height > 37.0
|       |               +--yes: [1,0,0,0,1,0,0,0,1]: 21
|       |               +--no:  height > 34.0
|       |                       +--yes: [1,1,0,1,0,0,0,0,0]: 1
|       |                       +--no:  [1,0,0,0,1,0,0,0,1]: 4
|       +--no:  eccen > 0.222
|               +--yes: blackpix > 9.0
|               |       +--yes: mean_tr > 30.0
|               |       |       +--yes: eccen > 6.474
|               |       |       |       +--yes: area > 7500.0
|               |       |       |       |       +--yes: [1,1,0.5,0.5,0,0,0,0,0]: 2
|               |       |       |       |       +--no:  [1,1,0,1,0,0,0,0,0]: 16
|               |       |       |       +--no:  height > 6.0
|               |       |       |               +--yes: [1,1,1,0,0,0,0,0,0]: 12
|               |       |       |               +--no:  [1,1,0,1,0,0,0,0,0]: 1
|               |       |       +--no:  p_and > 0.128
|               |       |               +--yes: p_and > 0.531
|               |       |               |       +--yes: eccen > 0.385
|               |       |               |       |       +--yes: lenght > 536.0
|               |       |               |       |       |       +--yes: [1,1,0,1,0,0,0,0,0]: 1
|               |       |               |       |       |       +--no:  mean_tr > 1.07
|               |       |               |       |       |               +--yes: p_black > 0.137
|               |       |               |       |       |               |       +--yes: blackand > 19.0
|               |       |               |       |       |               |       |       +--yes: blackpix > 10.0
|               |       |               |       |       |               |       |       |       +--yes: blackpix > 11.0
|               |       |               |       |       |               |       |       |       |       +--yes: area > 8640.0
|               |       |               |       |       |               |       |       |       |       |       +--yes: height > 19.0
|               |       |               |       |       |               |       |       |       |       |       |       +--yes: [1,1,1,0,0,0,0,0,0]: 7
|               |       |               |       |       |               |       |       |       |       |       |       +--no:  [1,1,0,1,0,0,0,0,0]: 1
|               |       |               |       |       |               |       |       |       |       |       +--no:  height > 24.0
|               |       |               |       |       |               |       |       |       |       |               +--yes: p_black > 0.215
|               |       |               |       |       |               |       |       |       |       |               |       +--yes: [1,1,1,0,0,0,0,0,0]: 25
|               |       |               |       |       |               |       |       |       |       |               |       +--no:  [1,1,0.5,0.5,0,0,0,0,0]: 2
|               |       |               |       |       |               |       |       |       |       |               +--no:  p_and > 0.583
|               |       |               |       |       |               |       |       |       |       |                       +--yes: blackand > 89.0
|               |       |               |       |       |               |       |       |       |       |                       |       +--yes: [1,1,1,0,0,0,0,0,0]: 3113
|               |       |               |       |       |               |       |       |       |       |                       |       +--no:  area > 126.0
|               |       |               |       |       |               |       |       |       |       |                       |               +--yes: p_and > 0.68
|               |       |               |       |       |               |       |       |       |       |                       |               |       +--yes: [1,1,0,1,0,0,0,0,0]: 1
|               |       |               |       |       |               |       |       |       |       |                       |               |       +--no:  [1,1,1,0,0,0,0,0,0]: 12
|               |       |               |       |       |               |       |       |       |       |                       |               +--no:  [1,1,1,0,0,0,0,0,0]: 634
|               |       |               |       |       |               |       |       |       |       |                       +--no:  p_and > 0.582
|               |       |               |       |       |               |       |       |       |       |                               +--yes: [1,0.857143,0.857143,0,0.142857,0.142857,0,0.142857,0]: 7
|               |       |               |       |       |               |       |       |       |       |                               +--no:  [1,1,1,0,0,0,0,0,0]: 163
|               |       |               |       |       |               |       |       |       |       +--no:  height > 9.0
|               |       |               |       |       |               |       |       |       |               +--yes: [1,0,0,0,1,1,0,1,0]: 1
|               |       |               |       |       |               |       |       |       |               +--no:  [1,1,1,0,0,0,0,0,0]: 15
|               |       |               |       |       |               |       |       |       +--no:  [1,1,0.75,0.25,0,0,0,0,0]: 4
|               |       |               |       |       |               |       |       +--no:  height > 7.0
|               |       |               |       |       |               |       |               +--yes: [1,0,0,0,1,1,0,1,0]: 1
|               |       |               |       |       |               |       |               +--no:  [1,1,1,0,0,0,0,0,0]: 14
|               |       |               |       |       |               |       +--no:  mean_tr > 2.33
|               |       |               |       |       |               |               +--yes: [1,0.5,0.25,0.25,0.5,0.5,0,0.5,0]: 4
|               |       |               |       |       |               |               +--no:  [1,1,1,0,0,0,0,0,0]: 26
|               |       |               |       |       |               +--no:  height > 7.0
|               |       |               |       |       |                       +--yes: [1,0,0,0,1,1,0,1,0]: 1
|               |       |               |       |       |                       +--no:  [1,1,1,0,0,0,0,0,0]: 3
|               |       |               |       |       +--no:  height > 8.0
|               |       |               |       |               +--yes: [1,0,0,0,1,1,0,1,0]: 2
|               |       |               |       |               +--no:  [1,1,1,0,0,0,0,0,0]: 5
|               |       |               |       +--no:  eccen > 2.143
|               |       |               |               +--yes: mean_tr > 5.45
|               |       |               |               |       +--yes: lenght > 60.0
|               |       |               |               |       |       +--yes: blackpix > 366.0
|               |       |               |               |       |       |       +--yes: [1,1,1,0,0,0,0,0,0]: 2
|               |       |               |               |       |       |       +--no:  [1,1,0,1,0,0,0,0,0]: 3
|               |       |               |               |       |       +--no:  lenght > 28.0
|               |       |               |               |       |               +--yes: [1,0,0,0,1,1,0,1,0]: 3
|               |       |               |               |       |               +--no:  [1,1,1,0,0,0,0,0,0]: 1
|               |       |               |               |       +--no:  blackand > 29.0
|               |       |               |               |               +--yes: [1,1,1,0,0,0,0,0,0]: 168
|               |       |               |               |               +--no:  [1,1,0,1,0,0,0,0,0]: 1
|               |       |               |               +--no:  p_black > 0.156
|               |       |               |                       +--yes: height > 21.0
|               |       |               |                       |       +--yes: [1,0,0,0,1,1,0,1,0]: 1
|               |       |               |                       |       +--no:  height > 4.0
|               |       |               |                       |               +--yes: eccen > 0.667
|               |       |               |                       |               |       +--yes: [1,1,1,0,0,0,0,0,0]: 20
|               |       |               |                       |               |       +--no:  p_and > 0.439
|               |       |               |                       |               |               +--yes: p_black > 0.407
|               |       |               |                       |               |               |       +--yes: [1,1,1,0,0,0,0,0,0]: 2
|               |       |               |                       |               |               |       +--no:  [1,0,0,0,1,1,0,1,0]: 3
|               |       |               |                       |               |               +--no:  [1,1,1,0,0,0,0,0,0]: 5
|               |       |               |                       |               +--no:  [1,0,0,0,1,1,0,1,0]: 1
|               |       |               |                       +--no:  eccen > 1.889
|               |       |               |                               +--yes: [1,0.5,0.5,0,0.5,0.5,0,0.5,0]: 6
|               |       |               |                               +--no:  [1,0,0,0,1,1,0,1,0]: 12
|               |       |               +--no:  [1,0,0,0,1,1,0,1,0]: 3
|               |       +--no:  area > 35.0
|               |               +--yes: eccen > 2.75
|               |               |       +--yes: [1,1,1,0,0,0,0,0,0]: 2
|               |               |       +--no:  blackand > 12.0
|               |               |               +--yes: [1,0.090909,0.090909,0,0.909091,0.909091,0,0.909091,0]: 11
|               |               |               +--no:  [1,1,1,0,0,0,0,0,0]: 1
|               |               +--no:  eccen > 1.2
|               |                       +--yes: [1,0.428571,0.285714,0.142857,0.571429,0.571429,0,0.571429,0]: 7
|               |                       +--no:  p_black > 0.8
|               |                               +--yes: [1,0.25,0.25,0,0.75,0,0,0,0.75]: 4
|               |                               +--no:  p_and > 0.8
|               |                                       +--yes: [1,1,1,0,0,0,0,0,0]: 23
|               |                                       +--no:  [1,0.76,0.76,0,0.24,0.12,0,0.12,0.12]: 25
|               +--no:  p_black > 0.31
|                       +--yes: [1,0.09434,0.037736,0.056604,0.90566,0.018868,0,0.018868,0.886792]: 53
|                       +--no:  [1,0,0,0,1,1,0,1,0]: 1
+--no:  mean_tr > 1.33
        +--yes: eccen > 7.0
        |       +--yes: p_black > 0.237
        |       |       +--yes: mean_tr > 4.0
        |       |       |       +--yes: p_black > 0.286
        |       |       |       |       +--yes: blackpix > 7.0
        |       |       |       |       |       +--yes: blackpix > 667.0
        |       |       |       |       |       |       +--yes: p_black > 0.537
        |       |       |       |       |       |       |       +--yes: [1,1,0,1,0,0,0,0,0]: 3
        |       |       |       |       |       |       |       +--no:  [1,1,1,0,0,0,0,0,0]: 1
        |       |       |       |       |       |       +--no:  eccen > 40.0
        |       |       |       |       |       |               +--yes: [1,1,0,1,0,0,0,0,0]: 121
        |       |       |       |       |       |               +--no:  blackpix > 139.0
        |       |       |       |       |       |                       +--yes: [1,1,1,0,0,0,0,0,0]: 1
        |       |       |       |       |       |                       +--no:  eccen > 39.0
        |       |       |       |       |       |                               +--yes: [1,1,0.333333,0.666667,0,0,0,0,0]: 3
        |       |       |       |       |       |                               +--no:  [1,0.987654,0.024691,0.962963,0.012346,0,0,0,0.012346]: 81
        |       |       |       |       |       +--no:  [1,1,0.333333,0.666667,0,0,0,0,0]: 3
        |       |       |       |       +--no:  height > 1.0
        |       |       |       |               +--yes: [1,1,0,1,0,0,0,0,0]: 2
        |       |       |       |               +--no:  [1,1,1,0,0,0,0,0,0]: 1
        |       |       |       +--no:  eccen > 14.0
        |       |       |               +--yes: height > 2.0
        |       |       |               |       +--yes: [1,1,1,0,0,0,0,0,0]: 1
        |       |       |               |       +--no:  mean_tr > 3.93
        |       |       |               |               +--yes: [1,1,0.5,0.5,0,0,0,0,0]: 2
        |       |       |               |               +--no:  [1,1,0.054054,0.945946,0,0,0,0,0]: 37
        |       |       |               +--no:  [1,1,0.5,0.5,0,0,0,0,0]: 12
        |       |       +--no:  eccen > 18.667
        |       |               +--yes: p_black > 0.144
        |       |               |       +--yes: [1,1,0,1,0,0,0,0,0]: 2
        |       |               |       +--no:  [1,1,1,0,0,0,0,0,0]: 1
        |       |               +--no:  [1,1,1,0,0,0,0,0,0]: 7
        |       +--no:  eccen > 2.333
        |               +--yes: [1,1,0.588235,0.411765,0,0,0,0,0]: 17
        |               +--no:  [1,1,1,0,0,0,0,0,0]: 15
        +--no:  p_black > 0.429
                +--yes: [1,1,0,1,0,0,0,0,0]: 3
                +--no:  lenght > 279.0
                        +--yes: [1,1,0,1,0,0,0,0,0]: 1
                        +--no:  [1,1,1,0,0,0,0,0,0]: 43

