Clus run 'church0.names'
************************

Date: 7/02/17 14:28
File: church_FUN.hsc.combined.out
Attributes: 28 (input: 27, output: 1)
Missing values: Yes

[General]
Verbose = 1
Compatibility = MLJ08
RandomSeed = 0
ResourceInfoLoaded = No

[Data]
File = church_FUN.train.arff.zip
TestSet = church_FUN.test.arff.zip
PruneSet = church_FUN.valid.arff.zip
PruneSetMax = Infinity
XVal = 10
RemoveMissingTarget = No
NormalizeData = None

[Attributes]
Target = 28
Clustering = 28
Descriptive = 1-27
Key = None
Disable = None
Weights = Normalize
ClusteringWeights = 1.0
ReduceMemoryNominalAttrs = Yes

[Constraints]
Syntactic = None
MaxSize = Infinity
MaxError = 0.0
MaxDepth = Infinity

[Output]
ShowModels = {Original}
TrainErrors = No
ValidErrors = No
TestErrors = Yes
AllFoldModels = Yes
AllFoldErrors = No
AllFoldDatasets = No
UnknownFrequency = No
BranchFrequency = No
ShowInfo = {Count}
PrintModelAndExamples = No
WriteErrorFile = No
WritePredictions = {Test}
ModelIDFiles = No
WriteCurves = No
OutputXMLModel = No
OutputPythonModel = No
OutputDatabaseQueries = No

[Nominal]
MEstimate = 1.0

[Model]
MinimalWeight = 5.0
MinimalNumberExamples = 0
MinimalKnownWeight = 0.0
ParamTuneNumberFolds = 10
ClassWeights = 0.0
NominalSubsetTests = Yes

[Tree]
Heuristic = VarianceReduction
PruningMethod = Default
FTest = 0.001
BinarySplit = Yes
ConvertToRules = No
AlternativeSplits = No
Optimize = {NoClusteringStats, NoInodeStats}
MSENominal = No
SplitSampling = None
InductionOrder = DepthFirst

[Hierarchical]
Type = Tree
Distance = WeightedEuclidean
WType = ExpAvgParentWeight
WParam = 0.75
HSeparator = /
EmptySetIndicator = n
OptimizeErrorMeasure = PooledAUPRC
DefinitionFile = None
NoRootPredictions = No
PruneInSig = 0.0
Bonferroni = No
SingleLabel = Yes
CalculateErrors = Yes
ClassificationThreshold = None
RecallValues = None
EvalClasses = None
MEstimate = No

Run: 01
*******

Statistics
----------

FTValue (FTest): 0.001
Induction Time: 0 sec
Pruning Time: 0 sec
Model information
     Default: Nodes = 1 (Leaves: 1)
     Original: Combined model with 499 trees with 809 nodes

Testing error
-------------

Number of examples: 1281
Hierarchical error measures
   Original: 
      Average AUROC:            0.5235895222162475
      Average AUPRC:            0.026736738566388234
      Average AUPRC (weighted): 0.126152905808788
      Pooled AUPRC:             0.1702799468797845
      0: 01, AUROC: 0.551316, AUPRC: 0.390075, Freq: 0.352849
      1: 01/01, AUROC: 0.55524, AUPRC: 0.078301, Freq: 0.062451
      2: 01/01/03, AUROC: 0.488114, AUPRC: 0.013705, Freq: 0.014832
      3: 01/01/03/01, AUROC: 0.5, AUPRC: 0.002342, Freq: 0.002342
      4: 01/01/03/01/01, AUROC: 0.5, AUPRC: 0.000781, Freq: 0.000781
      5: 01/01/03/01/02, AUROC: 0.5, AUPRC: 0.001561, Freq: 0.001561
      6: 01/01/03/02, AUROC: 0.488994, AUPRC: 0.006381, Freq: 0.007026
      7: 01/01/03/02/01, AUROC: 0.497257, AUPRC: 0.003486, Freq: 0.003903
      8: 01/01/03/02/02, AUROC: 0.5, AUPRC: 0.001561, Freq: 0.001561
      9: 01/01/03/03, AUROC: 0.5, AUPRC: 0.000781, Freq: 0.000781
      12: 01/01/03/05, AUROC: 0.5, AUPRC: 0.007026, Freq: 0.007026
      13: 01/01/03/05/01, AUROC: 0.5, AUPRC: 0.005464, Freq: 0.005464
      14: 01/01/03/05/02, AUROC: 0.5, AUPRC: 0.000781, Freq: 0.000781
      15: 01/01/05, AUROC: 0.5, AUPRC: 0.003903, Freq: 0.003903
      16: 01/01/05/01, AUROC: 0.5, AUPRC: 0.000781, Freq: 0.000781
      17: 01/01/05/01/01, AUROC: 0.5, AUPRC: 0.000781, Freq: 0.000781
      19: 01/01/05/03, AUROC: 0.5, AUPRC: 0.003123, Freq: 0.003123
      20: 01/01/06, AUROC: 0.568168, AUPRC: 0.031876, Freq: 0.018735
      21: 01/01/06/01, AUROC: 0.497259, AUPRC: 0.002714, Freq: 0.003123
      22: 01/01/06/01/01, AUROC: 0.5, AUPRC: 0.000781, Freq: 0.000781
      23: 01/01/06/01/02, AUROC: 0.5, AUPRC: 0.000781, Freq: 0.000781
      24: 01/01/06/02, AUROC: 0.497257, AUPRC: 0.003486, Freq: 0.003903
      25: 01/01/06/02/01, AUROC: 0.5, AUPRC: 0.002342, Freq: 0.002342
      26: 01/01/06/02/02, AUROC: 0.5, AUPRC: 0.001561, Freq: 0.001561
      27: 01/01/06/04, AUROC: 0.497261, AUPRC: 0.001941, Freq: 0.002342
      28: 01/01/06/04/01, AUROC: 0.5, AUPRC: 0.000781, Freq: 0.000781
      29: 01/01/06/04/02, AUROC: 0.5, AUPRC: 0.000781, Freq: 0.000781
      30: 01/01/06/05, AUROC: 0.539335, AUPRC: 0.01108, Freq: 0.009368
      31: 01/01/06/05/01, AUROC: 0.498435, AUPRC: 0.001946, Freq: 0.002342
      32: 01/01/06/05/01/01, AUROC: 0.5, AUPRC: 0.001561, Freq: 0.001561
      34: 01/01/06/06, AUROC: 0.663166, AUPRC: 0.010781, Freq: 0.003903
      35: 01/01/06/06/01, AUROC: 0.962862, AUPRC: 0.015865, Freq: 0.001561
      36: 01/01/06/06/01/03, AUROC: 0.962862, AUPRC: 0.015865, Freq: 0.001561
      37: 01/01/06/06/02, AUROC: 0.497261, AUPRC: 0.001941, Freq: 0.002342
      38: 01/01/09, AUROC: 0.540162, AUPRC: 0.014508, Freq: 0.013271
      39: 01/01/09/01, AUROC: 0.489836, AUPRC: 0.001155, Freq: 0.001561
      40: 01/01/09/01/01, AUROC: 0.5, AUPRC: 0.000781, Freq: 0.000781
      41: 01/01/09/01/02, AUROC: 0.497656, AUPRC: 0.00039, Freq: 0.000781
      42: 01/01/09/02, AUROC: 0.493344, AUPRC: 0.002689, Freq: 0.003123
      43: 01/01/09/02/01, AUROC: 0.497263, AUPRC: 0.001167, Freq: 0.001561
      45: 01/01/09/03, AUROC: 0.5, AUPRC: 0.002342, Freq: 0.002342
      46: 01/01/09/03/01, AUROC: 0.5, AUPRC: 0.000781, Freq: 0.000781
      47: 01/01/09/04, AUROC: 0.497261, AUPRC: 0.001941, Freq: 0.002342
      48: 01/01/09/04/01, AUROC: 0.5, AUPRC: 0.000781, Freq: 0.000781
      50: 01/01/09/05, AUROC: 0.5, AUPRC: 0.002342, Freq: 0.002342
      51: 01/01/09/05/01, AUROC: 0.5, AUPRC: 0.000781, Freq: 0.000781
      52: 01/01/09/06, AUROC: 0.497259, AUPRC: 0.002714, Freq: 0.003123
      53: 01/01/09/06/01, AUROC: 0.497266, AUPRC: 0.00039, Freq: 0.000781
      54: 01/01/09/06/02, AUROC: 0.5, AUPRC: 0.000781, Freq: 0.000781
      55: 01/01/09/07, AUROC: 0.497261, AUPRC: 0.001941, Freq: 0.002342
      56: 01/01/09/07/01, AUROC: 0.497263, AUPRC: 0.001167, Freq: 0.001561
      57: 01/01/11, AUROC: 0.678908, AUPRC: 0.01731, Freq: 0.005464
      58: 01/01/11/01, AUROC: 0.5, AUPRC: 0.000781, Freq: 0.000781
      59: 01/01/11/02, AUROC: 0.494914, AUPRC: 0.001932, Freq: 0.002342
      60: 01/01/11/02/01, AUROC: 0.498045, AUPRC: 0.001168, Freq: 0.001561
      61: 01/01/11/02/02, AUROC: 0.498047, AUPRC: 0.00039, Freq: 0.000781
      62: 01/01/11/03, AUROC: 0.494918, AUPRC: 0.001163, Freq: 0.001561
      63: 01/01/11/03/01, AUROC: 0.498045, AUPRC: 0.001168, Freq: 0.001561
      64: 01/01/11/03/02, AUROC: 0.498047, AUPRC: 0.00039, Freq: 0.000781
      65: 01/01/11/04, AUROC: 0.498041, AUPRC: 0.003494, Freq: 0.003903
      66: 01/01/11/04/01, AUROC: 0.5, AUPRC: 0.003903, Freq: 0.003903
      67: 01/01/11/04/02, AUROC: 0.498047, AUPRC: 0.00039, Freq: 0.000781
      68: 01/01/13, AUROC: 0.5, AUPRC: 0.009368, Freq: 0.009368
      69: 01/02, AUROC: 0.524077, AUPRC: 0.028665, Freq: 0.027322
      70: 01/02/02, AUROC: 0.5, AUPRC: 0.003903, Freq: 0.003903
      71: 01/02/02/09, AUROC: 0.5, AUPRC: 0.003903, Freq: 0.003903
      72: 01/02/02/09/01, AUROC: 0.5, AUPRC: 0.000781, Freq: 0.000781
      73: 01/02/02/09/05, AUROC: 0.5, AUPRC: 0.000781, Freq: 0.000781
      74: 01/02/03, AUROC: 0.5, AUPRC: 0.001561, Freq: 0.001561
      75: 01/02/03/01, AUROC: 0.5, AUPRC: 0.001561, Freq: 0.001561
      78: 01/02/07, AUROC: 0.5, AUPRC: 0.007806, Freq: 0.007806
      79: 01/02/07/01, AUROC: 0.5, AUPRC: 0.003123, Freq: 0.003123
      80: 01/02/07/03, AUROC: 0.5, AUPRC: 0.000781, Freq: 0.000781
      81: 01/03, AUROC: 0.542916, AUPRC: 0.060671, Freq: 0.0484
      82: 01/03/01, AUROC: 0.535037, AUPRC: 0.02144, Freq: 0.018735
      83: 01/03/01/01, AUROC: 0.5, AUPRC: 0.001561, Freq: 0.001561
      84: 01/03/01/03, AUROC: 0.734736, AUPRC: 0.02011, Freq: 0.007806
      85: 01/03/04, AUROC: 0.5, AUPRC: 0.010148, Freq: 0.010148
      87: 01/03/04/03, AUROC: 0.5, AUPRC: 0.002342, Freq: 0.002342
      88: 01/03/07, AUROC: 0.5, AUPRC: 0.002342, Freq: 0.002342
      89: 01/03/10, AUROC: 0.5, AUPRC: 0.001561, Freq: 0.001561
      90: 01/03/13, AUROC: 0.495693, AUPRC: 0.002704, Freq: 0.003123
      91: 01/03/16, AUROC: 0.523791, AUPRC: 0.01638, Freq: 0.015613
      92: 01/03/16/01, AUROC: 0.51026, AUPRC: 0.011496, Freq: 0.010929
      93: 01/03/16/03, AUROC: 0.5, AUPRC: 0.003903, Freq: 0.003903
      94: 01/04, AUROC: 0.525437, AUPRC: 0.091524, Freq: 0.08509
      95: 01/04/04, AUROC: 0.5, AUPRC: 0.003903, Freq: 0.003903
      96: 01/05, AUROC: 0.568029, AUPRC: 0.183486, Freq: 0.130367
      97: 01/05/02, AUROC: 0.653836, AUPRC: 0.06424, Freq: 0.02498
      98: 01/05/02/04, AUROC: 0.496369, AUPRC: 0.032267, Freq: 0.01249
      99: 01/05/02/07, AUROC: 0.644903, AUPRC: 0.069339, Freq: 0.02498
      100: 01/05/03, AUROC: 0.598455, AUPRC: 0.025843, Freq: 0.017174
      101: 01/05/03/01, AUROC: 0.5, AUPRC: 0.000781, Freq: 0.000781
      102: 01/05/03/01/04, AUROC: 0.5, AUPRC: 0.000781, Freq: 0.000781
      103: 01/05/03/02, AUROC: 0.5, AUPRC: 0.005464, Freq: 0.005464
      104: 01/05/03/02/04, AUROC: 0.5, AUPRC: 0.005464, Freq: 0.005464
      105: 01/05/03/03, AUROC: 0.5, AUPRC: 0.002342, Freq: 0.002342
      106: 01/05/03/03/04, AUROC: 0.5, AUPRC: 0.002342, Freq: 0.002342
      107: 01/05/05, AUROC: 0.492963, AUPRC: 0.00116, Freq: 0.001561
      108: 01/05/05/04, AUROC: 0.5, AUPRC: 0.000781, Freq: 0.000781
      109: 01/05/05/07, AUROC: 0.492969, AUPRC: 0.00039, Freq: 0.000781
      112: 01/05/09, AUROC: 0.5, AUPRC: 0.001561, Freq: 0.001561
      113: 01/05/09/04, AUROC: 0.5, AUPRC: 0.001561, Freq: 0.001561
      114: 01/05/09/07, AUROC: 0.5, AUPRC: 0.001561, Freq: 0.001561
      115: 01/05/11, AUROC: 0.5, AUPRC: 0.001561, Freq: 0.001561
      116: 01/05/11/04, AUROC: 0.5, AUPRC: 0.000781, Freq: 0.000781
      117: 01/05/11/07, AUROC: 0.5, AUPRC: 0.000781, Freq: 0.000781
      118: 01/05/11/07/01, AUROC: 0.5, AUPRC: 0.000781, Freq: 0.000781
      119: 01/05/13, AUROC: 0.5, AUPRC: 0.003903, Freq: 0.003903
      120: 01/05/13/01, AUROC: 0.5, AUPRC: 0.001561, Freq: 0.001561
      121: 01/05/13/03, AUROC: 0.5, AUPRC: 0.002342, Freq: 0.002342
      122: 01/05/25, AUROC: 0.488432, AUPRC: 0.031984, Freq: 0.032787
      123: 01/06, AUROC: 0.510321, AUPRC: 0.069666, Freq: 0.068696
      124: 01/06/02, AUROC: 0.569958, AUPRC: 0.028495, Freq: 0.018735
      125: 01/06/02/01, AUROC: 0.524187, AUPRC: 0.018702, Freq: 0.016393
      126: 01/06/02/02, AUROC: 0.5, AUPRC: 0.002342, Freq: 0.002342
      127: 01/06/05, AUROC: 0.5, AUPRC: 0.007026, Freq: 0.007026
      128: 01/06/06, AUROC: 0.495659, AUPRC: 0.01034, Freq: 0.010929
      130: 01/06/06/11, AUROC: 0.495666, AUPRC: 0.008817, Freq: 0.009368
      131: 01/06/10, AUROC: 0.540063, AUPRC: 0.007866, Freq: 0.006245
      132: 01/07, AUROC: 0.5902, AUPRC: 0.065222, Freq: 0.042155
      133: 01/07/01, AUROC: 0.524058, AUPRC: 0.027846, Freq: 0.026542
      134: 01/07/03, AUROC: 0.5, AUPRC: 0.001561, Freq: 0.001561
      135: 01/07/04, AUROC: 0.5, AUPRC: 0.002342, Freq: 0.002342
      136: 01/07/07, AUROC: 0.5, AUPRC: 0.002342, Freq: 0.002342
      137: 01/20, AUROC: 0.652412, AUPRC: 0.046648, Freq: 0.017174
      141: 01/20/05, AUROC: 0.5, AUPRC: 0.001561, Freq: 0.001561
      142: 01/20/05/09, AUROC: 0.5, AUPRC: 0.000781, Freq: 0.000781
      143: 01/20/15, AUROC: 0.496479, AUPRC: 0.001938, Freq: 0.002342
      144: 01/20/15/03, AUROC: 0.5, AUPRC: 0.001561, Freq: 0.001561
      145: 01/20/17, AUROC: 0.568289, AUPRC: 0.029004, Freq: 0.005464
      146: 01/20/17/01, AUROC: 0.5, AUPRC: 0.003903, Freq: 0.003903
      147: 01/20/17/03, AUROC: 0.5, AUPRC: 0.000781, Freq: 0.000781
      148: 01/20/17/09, AUROC: 0.5, AUPRC: 0.000781, Freq: 0.000781
      149: 01/20/19, AUROC: 0.496473, AUPRC: 0.003478, Freq: 0.003903
      150: 01/20/19/01, AUROC: 0.496476, AUPRC: 0.002709, Freq: 0.003123
      151: 01/20/19/05, AUROC: 0.5, AUPRC: 0.000781, Freq: 0.000781
      153: 01/20/31, AUROC: 0.5, AUPRC: 0.000781, Freq: 0.000781
      159: 02, AUROC: 0.584099, AUPRC: 0.145985, Freq: 0.08509
      160: 02/01, AUROC: 0.648456, AUPRC: 0.028455, Freq: 0.014052
      161: 02/01/01, AUROC: 0.5, AUPRC: 0.000781, Freq: 0.000781
      162: 02/01/03, AUROC: 0.484742, AUPRC: 0.001895, Freq: 0.002342
      163: 02/04, AUROC: 0.5, AUPRC: 0.002342, Freq: 0.002342
      164: 02/07, AUROC: 0.523763, AUPRC: 0.008877, Freq: 0.006245
      166: 02/08, AUROC: 0.493354, AUPRC: 0.001161, Freq: 0.001561
      167: 02/10, AUROC: 0.60028, AUPRC: 0.032336, Freq: 0.007026
      168: 02/11, AUROC: 0.754095, AUPRC: 0.120148, Freq: 0.013271
      170: 02/13, AUROC: 0.560491, AUPRC: 0.072232, Freq: 0.035129
      171: 02/13/01, AUROC: 0.5, AUPRC: 0.001561, Freq: 0.001561
      172: 02/13/03, AUROC: 0.606858, AUPRC: 0.076896, Freq: 0.021077
      174: 02/16, AUROC: 0.554638, AUPRC: 0.008071, Freq: 0.007026
      175: 02/16/01, AUROC: 0.49491, AUPRC: 0.002699, Freq: 0.003123
      176: 02/16/03, AUROC: 0.499609, AUPRC: 0.00039, Freq: 0.000781
      178: 02/16/11, AUROC: 0.5, AUPRC: 0.000781, Freq: 0.000781
      180: 02/19, AUROC: 0.526828, AUPRC: 0.014662, Freq: 0.01249
      181: 02/25, AUROC: 0.5, AUPRC: 0.002342, Freq: 0.002342
      182: 02/45, AUROC: 0.487814, AUPRC: 0.006357, Freq: 0.007026
      183: 02/45/11, AUROC: 0.496479, AUPRC: 0.001938, Freq: 0.002342
      184: 02/45/15, AUROC: 0.488636, AUPRC: 0.003406, Freq: 0.003903
      185: 10, AUROC: 0.650186, AUPRC: 0.306928, Freq: 0.220921
      186: 10/01, AUROC: 0.658763, AUPRC: 0.164387, Freq: 0.106167
      187: 10/01/02, AUROC: 0.49489, AUPRC: 0.006511, Freq: 0.007026
      188: 10/01/03, AUROC: 0.616768, AUPRC: 0.032001, Freq: 0.02498
      189: 10/01/03/03, AUROC: 0.5, AUPRC: 0.005464, Freq: 0.005464
      190: 10/01/03/05, AUROC: 0.494898, AUPRC: 0.004989, Freq: 0.005464
      191: 10/01/05, AUROC: 0.67762, AUPRC: 0.082268, Freq: 0.049961
      192: 10/01/05/01, AUROC: 0.672024, AUPRC: 0.058118, Freq: 0.035129
      193: 10/01/05/03, AUROC: 0.657256, AUPRC: 0.024277, Freq: 0.015613
      194: 10/01/05/03/01, AUROC: 0.494894, AUPRC: 0.005751, Freq: 0.006245
      195: 10/01/05/03/03, AUROC: 0.5, AUPRC: 0.004684, Freq: 0.004684
      197: 10/01/09, AUROC: 0.649483, AUPRC: 0.077672, Freq: 0.047619
      198: 10/01/09/03, AUROC: 0.5, AUPRC: 0.000781, Freq: 0.000781
      199: 10/01/09/05, AUROC: 0.646547, AUPRC: 0.075988, Freq: 0.046838
      200: 10/01/11, AUROC: 0.5, AUPRC: 0.001561, Freq: 0.001561
      201: 10/03, AUROC: 0.633345, AUPRC: 0.200924, Freq: 0.151444
      202: 10/03/01, AUROC: 0.601182, AUPRC: 0.132834, Freq: 0.108509
      203: 10/03/01/01, AUROC: 0.589257, AUPRC: 0.04937, Freq: 0.042155
      204: 10/03/01/01/01, AUROC: 0.5, AUPRC: 0.006245, Freq: 0.006245
      205: 10/03/01/01/03, AUROC: 0.494874, AUPRC: 0.009548, Freq: 0.010148
      206: 10/03/01/01/05, AUROC: 0.5, AUPRC: 0.001561, Freq: 0.001561
      207: 10/03/01/01/07, AUROC: 0.5, AUPRC: 0.000781, Freq: 0.000781
      208: 10/03/01/01/09, AUROC: 0.494854, AUPRC: 0.013334, Freq: 0.014052
      209: 10/03/01/01/11, AUROC: 0.494866, AUPRC: 0.011063, Freq: 0.01171
      210: 10/03/01/02, AUROC: 0.5, AUPRC: 0.003123, Freq: 0.003123
      211: 10/03/01/03, AUROC: 0.616648, AUPRC: 0.022533, Freq: 0.016393
      212: 10/03/02, AUROC: 0.665203, AUPRC: 0.063476, Freq: 0.038251
      213: 10/03/02/01, AUROC: 0.5, AUPRC: 0.003123, Freq: 0.003123
      214: 10/03/03, AUROC: 0.58184, AUPRC: 0.019275, Freq: 0.015613
      215: 10/03/04, AUROC: 0.629482, AUPRC: 0.026102, Freq: 0.020297
      216: 10/03/04/01, AUROC: 0.5, AUPRC: 0.003903, Freq: 0.003903
      217: 10/03/04/03, AUROC: 0.494902, AUPRC: 0.004227, Freq: 0.004684
      218: 10/03/04/05, AUROC: 0.494874, AUPRC: 0.009548, Freq: 0.010148
      219: 10/03/04/07, AUROC: 0.5, AUPRC: 0.003123, Freq: 0.003123
      220: 10/03/04/09, AUROC: 0.5, AUPRC: 0.001561, Freq: 0.001561
      221: 10/03/05, AUROC: 0.494858, AUPRC: 0.012578, Freq: 0.013271
      222: 10/03/05/01, AUROC: 0.494866, AUPRC: 0.011063, Freq: 0.01171
      223: 10/03/05/03, AUROC: 0.5, AUPRC: 0.000781, Freq: 0.000781
      224: 11, AUROC: 0.601705, AUPRC: 0.299077, Freq: 0.249024
      225: 11/02, AUROC: 0.584356, AUPRC: 0.193948, Freq: 0.163934
      226: 11/02/01, AUROC: 0.462302, AUPRC: 0.013977, Freq: 0.016393
      227: 11/02/02, AUROC: 0.462451, AUPRC: 0.010628, Freq: 0.01249
      228: 11/02/03, AUROC: 0.57852, AUPRC: 0.179311, Freq: 0.153005
      229: 11/02/03/01, AUROC: 0.559316, AUPRC: 0.06608, Freq: 0.057767
      230: 11/02/03/01/01, AUROC: 0.5, AUPRC: 0.01249, Freq: 0.01249
      231: 11/02/03/01/04, AUROC: 0.5, AUPRC: 0.007806, Freq: 0.007806
      232: 11/02/03/01/07, AUROC: 0.5, AUPRC: 0.002342, Freq: 0.002342
      233: 11/02/03/04, AUROC: 0.594371, AUPRC: 0.15342, Freq: 0.125683
      234: 11/02/03/04/01, AUROC: 0.5, AUPRC: 0.014052, Freq: 0.014052
      235: 11/02/03/04/03, AUROC: 0.5, AUPRC: 0.009368, Freq: 0.009368
      236: 11/04, AUROC: 0.603486, AUPRC: 0.103085, Freq: 0.081967
      237: 11/04/01, AUROC: 0.582103, AUPRC: 0.030948, Freq: 0.026542
      238: 11/04/02, AUROC: 0.5, AUPRC: 0.01171, Freq: 0.01171
      239: 11/04/03, AUROC: 0.62252, AUPRC: 0.058065, Freq: 0.042935
      240: 11/04/03/01, AUROC: 0.641855, AUPRC: 0.049759, Freq: 0.035129
      242: 11/04/03/03, AUROC: 0.5, AUPRC: 0.001561, Freq: 0.001561
      243: 11/04/03/05, AUROC: 0.5, AUPRC: 0.004684, Freq: 0.004684
      245: 11/06, AUROC: 0.5, AUPRC: 0.013271, Freq: 0.013271
      246: 11/06/01, AUROC: 0.5, AUPRC: 0.006245, Freq: 0.006245
      247: 11/06/02, AUROC: 0.5, AUPRC: 0.006245, Freq: 0.006245
      249: 12, AUROC: 0.633572, AUPRC: 0.330443, Freq: 0.112412
      250: 12/01, AUROC: 0.704058, AUPRC: 0.345485, Freq: 0.070258
      251: 12/01/01, AUROC: 0.761072, AUPRC: 0.384892, Freq: 0.059329
      252: 12/04, AUROC: 0.614259, AUPRC: 0.051261, Freq: 0.022639
      253: 12/04/01, AUROC: 0.555417, AUPRC: 0.015459, Freq: 0.010148
      254: 12/04/02, AUROC: 0.656316, AUPRC: 0.043694, Freq: 0.007026
      255: 12/04/03, AUROC: 0.498436, AUPRC: 0.001169, Freq: 0.001561
      256: 12/07, AUROC: 0.483862, AUPRC: 0.019226, Freq: 0.017174
      257: 12/10, AUROC: 0.474087, AUPRC: 0.00763, Freq: 0.008587
      258: 14, AUROC: 0.54635, AUPRC: 0.278997, Freq: 0.259173
      259: 14/01, AUROC: 0.537174, AUPRC: 0.022393, Freq: 0.020297
      260: 14/04, AUROC: 0.53088, AUPRC: 0.067283, Freq: 0.063232
      261: 14/07, AUROC: 0.553816, AUPRC: 0.164873, Freq: 0.147541
      262: 14/07/01, AUROC: 0.491332, AUPRC: 0.008671, Freq: 0.009368
      263: 14/07/02, AUROC: 0.475736, AUPRC: 0.016624, Freq: 0.018735
      264: 14/07/02/01, AUROC: 0.485121, AUPRC: 0.002638, Freq: 0.003123
      265: 14/07/02/02, AUROC: 0.481058, AUPRC: 0.0098, Freq: 0.010929
      266: 14/07/03, AUROC: 0.622027, AUPRC: 0.05656, Freq: 0.040593
      267: 14/07/04, AUROC: 0.516098, AUPRC: 0.016771, Freq: 0.015613
      268: 14/07/05, AUROC: 0.605326, AUPRC: 0.022638, Freq: 0.017955
      269: 14/07/07, AUROC: 0.5, AUPRC: 0.002342, Freq: 0.002342
      270: 14/07/09, AUROC: 0.5, AUPRC: 0.006245, Freq: 0.006245
      271: 14/07/11, AUROC: 0.603523, AUPRC: 0.046927, Freq: 0.021858
      272: 14/07/11/01, AUROC: 0.499214, AUPRC: 0.005838, Freq: 0.006245
      273: 14/10, AUROC: 0.506963, AUPRC: 0.046719, Freq: 0.046058
      274: 14/13, AUROC: 0.571918, AUPRC: 0.073338, Freq: 0.055425
      275: 14/13/01, AUROC: 0.57261, AUPRC: 0.056152, Freq: 0.042155
      276: 14/13/01/01, AUROC: 0.552098, AUPRC: 0.040953, Freq: 0.027322
      277: 14/13/04, AUROC: 0.599686, AUPRC: 0.01069, Freq: 0.005464
      278: 14/13/04/02, AUROC: 0.5, AUPRC: 0.001561, Freq: 0.001561
      279: 16, AUROC: 0.5, AUPRC: 0.227947, Freq: 0.227947
      280: 16/01, AUROC: 0.5, AUPRC: 0.08509, Freq: 0.08509
      282: 16/03, AUROC: 0.5, AUPRC: 0.080406, Freq: 0.080406
      283: 16/03/01, AUROC: 0.5, AUPRC: 0.046058, Freq: 0.046058
      284: 16/03/03, AUROC: 0.5, AUPRC: 0.03669, Freq: 0.03669
      285: 16/06, AUROC: 0.5, AUPRC: 0.000781, Freq: 0.000781
      286: 16/07, AUROC: 0.5, AUPRC: 0.017174, Freq: 0.017174
      287: 16/09, AUROC: 0.5, AUPRC: 0.001561, Freq: 0.001561
      288: 16/11, AUROC: 0.5, AUPRC: 0.000781, Freq: 0.000781
      289: 16/13, AUROC: 0.48982, AUPRC: 0.002667, Freq: 0.003123
      290: 16/13/01, AUROC: 0.489828, AUPRC: 0.001913, Freq: 0.002342
      292: 16/17, AUROC: 0.537974, AUPRC: 0.005287, Freq: 0.004684
      293: 16/17/01, AUROC: 0.5, AUPRC: 0.002342, Freq: 0.002342
      294: 16/17/07, AUROC: 0.5, AUPRC: 0.000781, Freq: 0.000781
      295: 16/17/09, AUROC: 0.493745, AUPRC: 0.001161, Freq: 0.001561
      296: 16/19, AUROC: 0.480559, AUPRC: 0.040377, Freq: 0.045277
      297: 16/19/01, AUROC: 0.5, AUPRC: 0.000781, Freq: 0.000781
      298: 16/19/03, AUROC: 0.489406, AUPRC: 0.033655, Freq: 0.037471
      299: 16/19/05, AUROC: 0.5, AUPRC: 0.003903, Freq: 0.003903
      300: 16/21, AUROC: 0.641501, AUPRC: 0.023297, Freq: 0.010148
      302: 16/21/05, AUROC: 0.482422, AUPRC: 0.00039, Freq: 0.000781
      303: 16/21/07, AUROC: 0.668545, AUPRC: 0.023277, Freq: 0.007026
      304: 16/21/08, AUROC: 0.5, AUPRC: 0.001561, Freq: 0.001561
      306: 16/21/15, AUROC: 0.5, AUPRC: 0.000781, Freq: 0.000781
      308: 18, AUROC: 0.499588, AUPRC: 0.051761, Freq: 0.052303
      309: 18/01, AUROC: 0.499608, AUPRC: 0.00273, Freq: 0.003123
      310: 18/01/01, AUROC: 0.499609, AUPRC: 0.00195, Freq: 0.002342
      311: 18/01/07, AUROC: 0.499609, AUPRC: 0.00039, Freq: 0.000781
      312: 18/02, AUROC: 0.500738, AUPRC: 0.051875, Freq: 0.052303
      313: 18/02/01, AUROC: 0.499596, AUPRC: 0.033091, Freq: 0.033568
      314: 18/02/01/01, AUROC: 0.499604, AUPRC: 0.014413, Freq: 0.014832
      315: 18/02/01/01/01, AUROC: 0.5, AUPRC: 0.007806, Freq: 0.007806
      316: 18/02/01/01/03, AUROC: 0.5, AUPRC: 0.001561, Freq: 0.001561
      317: 18/02/01/01/05, AUROC: 0.5, AUPRC: 0.001561, Freq: 0.001561
      318: 18/02/01/02, AUROC: 0.499607, AUPRC: 0.005846, Freq: 0.006245
      320: 18/02/01/02/03, AUROC: 0.5, AUPRC: 0.001561, Freq: 0.001561
      321: 18/02/01/02/05, AUROC: 0.5, AUPRC: 0.001561, Freq: 0.001561
      322: 18/02/03, AUROC: 0.499607, AUPRC: 0.005846, Freq: 0.006245
      323: 18/02/05, AUROC: 0.5, AUPRC: 0.004684, Freq: 0.004684
      324: 18/02/09, AUROC: 0.499605, AUPRC: 0.011298, Freq: 0.01171
      325: 20, AUROC: 0.5, AUPRC: 0.229508, Freq: 0.229508
      326: 20/01, AUROC: 0.538405, AUPRC: 0.158068, Freq: 0.141296
      327: 20/01/01, AUROC: 0.57082, AUPRC: 0.040557, Freq: 0.032006
      328: 20/01/01/01, AUROC: 0.573046, AUPRC: 0.031955, Freq: 0.02498
      329: 20/01/01/01/01, AUROC: 0.5, AUPRC: 0.01171, Freq: 0.01171
      330: 20/01/01/01/01/01, AUROC: 0.5, AUPRC: 0.003123, Freq: 0.003123
      331: 20/01/01/07, AUROC: 0.5, AUPRC: 0.006245, Freq: 0.006245
      332: 20/01/01/07/05, AUROC: 0.5, AUPRC: 0.000781, Freq: 0.000781
      333: 20/01/01/07/07, AUROC: 0.5, AUPRC: 0.004684, Freq: 0.004684
      335: 20/01/03, AUROC: 0.507853, AUPRC: 0.018781, Freq: 0.017174
      336: 20/01/03/01, AUROC: 0.523477, AUPRC: 0.01271, Freq: 0.010148
      338: 20/01/07, AUROC: 0.5, AUPRC: 0.01171, Freq: 0.01171
      339: 20/01/09, AUROC: 0.5, AUPRC: 0.001561, Freq: 0.001561
      340: 20/01/10, AUROC: 0.5, AUPRC: 0.034348, Freq: 0.034348
      341: 20/01/11, AUROC: 0.5, AUPRC: 0.000781, Freq: 0.000781
      342: 20/01/13, AUROC: 0.5, AUPRC: 0.013271, Freq: 0.013271
      343: 20/01/15, AUROC: 0.805083, AUPRC: 0.066572, Freq: 0.016393
      344: 20/01/17, AUROC: 0.5, AUPRC: 0.007806, Freq: 0.007806
      345: 20/01/21, AUROC: 0.5, AUPRC: 0.023419, Freq: 0.023419
      346: 20/01/23, AUROC: 0.5, AUPRC: 0.003123, Freq: 0.003123
      347: 20/01/25, AUROC: 0.5, AUPRC: 0.007806, Freq: 0.007806
      349: 20/01/27, AUROC: 0.5, AUPRC: 0.009368, Freq: 0.009368
      350: 20/03, AUROC: 0.5, AUPRC: 0.046058, Freq: 0.046058
      351: 20/03/01, AUROC: 0.5, AUPRC: 0.003123, Freq: 0.003123
      352: 20/03/01/01, AUROC: 0.5, AUPRC: 0.001561, Freq: 0.001561
      353: 20/03/01/05, AUROC: 0.5, AUPRC: 0.001561, Freq: 0.001561
      354: 20/03/02, AUROC: 0.5, AUPRC: 0.004684, Freq: 0.004684
      355: 20/03/02/02, AUROC: 0.5, AUPRC: 0.000781, Freq: 0.000781
      357: 20/03/02/02/02, AUROC: 0.5, AUPRC: 0.000781, Freq: 0.000781
      358: 20/03/02/03, AUROC: 0.5, AUPRC: 0.003903, Freq: 0.003903
      359: 20/03/02/03/01, AUROC: 0.5, AUPRC: 0.001561, Freq: 0.001561
      360: 20/03/22, AUROC: 0.646919, AUPRC: 0.018788, Freq: 0.01171
      361: 20/03/25, AUROC: 0.5, AUPRC: 0.006245, Freq: 0.006245
      362: 20/09, AUROC: 0.5, AUPRC: 0.154567, Freq: 0.154567
      363: 20/09/01, AUROC: 0.5, AUPRC: 0.021858, Freq: 0.021858
      364: 20/09/03, AUROC: 0.5, AUPRC: 0.005464, Freq: 0.005464
      365: 20/09/04, AUROC: 0.486034, AUPRC: 0.020123, Freq: 0.021858
      366: 20/09/05, AUROC: 0.627934, AUPRC: 0.006356, Freq: 0.002342
      367: 20/09/07, AUROC: 0.5, AUPRC: 0.039032, Freq: 0.039032
      368: 20/09/07/03, AUROC: 0.507966, AUPRC: 0.015276, Freq: 0.014832
      369: 20/09/07/05, AUROC: 0.5, AUPRC: 0.005464, Freq: 0.005464
      371: 20/09/07/25, AUROC: 0.5, AUPRC: 0.001561, Freq: 0.001561
      372: 20/09/07/27, AUROC: 0.5, AUPRC: 0.005464, Freq: 0.005464
      373: 20/09/07/29, AUROC: 0.5, AUPRC: 0.000781, Freq: 0.000781
      374: 20/09/13, AUROC: 0.5, AUPRC: 0.030445, Freq: 0.030445
      375: 20/09/14, AUROC: 0.488266, AUPRC: 0.005928, Freq: 0.006245
      377: 20/09/16, AUROC: 0.5, AUPRC: 0.016393, Freq: 0.016393
      378: 20/09/16/09, AUROC: 0.5, AUPRC: 0.008587, Freq: 0.008587
      379: 20/09/16/09/03, AUROC: 0.5, AUPRC: 0.008587, Freq: 0.008587
      380: 20/09/18, AUROC: 0.507809, AUPRC: 0.032339, Freq: 0.032006
      381: 20/09/18/09, AUROC: 0.510236, AUPRC: 0.008286, Freq: 0.008587
      382: 20/09/18/09/01, AUROC: 0.510236, AUPRC: 0.008286, Freq: 0.008587
      383: 30, AUROC: 0.539465, AUPRC: 0.065518, Freq: 0.052303
      384: 30/01, AUROC: 0.50996, AUPRC: 0.044419, Freq: 0.045277
      385: 30/01/05, AUROC: 0.520787, AUPRC: 0.027773, Freq: 0.027322
      386: 30/01/05/01, AUROC: 0.494493, AUPRC: 0.007261, Freq: 0.007806
      387: 30/01/05/01/03, AUROC: 0.498825, AUPRC: 0.002724, Freq: 0.003123
      388: 30/01/05/05, AUROC: 0.518656, AUPRC: 0.015871, Freq: 0.015613
      389: 30/01/05/05/01, AUROC: 0.494466, AUPRC: 0.011801, Freq: 0.01249
      391: 30/01/09, AUROC: 0.494475, AUPRC: 0.010289, Freq: 0.010929
      392: 30/01/09/03, AUROC: 0.5, AUPRC: 0.002342, Freq: 0.002342
      393: 30/01/09/07, AUROC: 0.5, AUPRC: 0.002342, Freq: 0.002342
      394: 30/01/09/09, AUROC: 0.5, AUPRC: 0.001561, Freq: 0.001561
      395: 30/01/09/11, AUROC: 0.498824, AUPRC: 0.004278, Freq: 0.004684
      396: 30/05, AUROC: 0.57626, AUPRC: 0.02833, Freq: 0.01249
      397: 30/05/01, AUROC: 0.5, AUPRC: 0.003123, Freq: 0.003123
      398: 30/05/01/10, AUROC: 0.5, AUPRC: 0.000781, Freq: 0.000781
      399: 30/05/02, AUROC: 0.5, AUPRC: 0.001561, Freq: 0.001561
      400: 30/05/02/24, AUROC: 0.5, AUPRC: 0.001561, Freq: 0.001561
      401: 32, AUROC: 0.565579, AUPRC: 0.192793, Freq: 0.135051
      402: 32/01, AUROC: 0.573572, AUPRC: 0.161776, Freq: 0.11007
      403: 32/01/01, AUROC: 0.519024, AUPRC: 0.022018, Freq: 0.014052
      404: 32/01/03, AUROC: 0.609989, AUPRC: 0.032859, Freq: 0.014052
      405: 32/01/04, AUROC: 0.5, AUPRC: 0.002342, Freq: 0.002342
      406: 32/01/05, AUROC: 0.528664, AUPRC: 0.01273, Freq: 0.009368
      407: 32/01/06, AUROC: 0.5, AUPRC: 0.000781, Freq: 0.000781
      408: 32/01/07, AUROC: 0.584645, AUPRC: 0.032656, Freq: 0.017174
      409: 32/01/09, AUROC: 0.589799, AUPRC: 0.018373, Freq: 0.014052
      410: 32/01/11, AUROC: 0.5, AUPRC: 0.005464, Freq: 0.005464
      412: 32/05, AUROC: 0.594851, AUPRC: 0.007094, Freq: 0.003123
      413: 32/05/01, AUROC: 0.594851, AUPRC: 0.007094, Freq: 0.003123
      415: 32/05/01/03, AUROC: 0.594851, AUPRC: 0.007094, Freq: 0.003123
      420: 32/07, AUROC: 0.558894, AUPRC: 0.047724, Freq: 0.031226
      421: 32/07/01, AUROC: 0.5, AUPRC: 0.001561, Freq: 0.001561
      422: 32/07/03, AUROC: 0.5, AUPRC: 0.002342, Freq: 0.002342
      423: 32/07/05, AUROC: 0.5, AUPRC: 0.000781, Freq: 0.000781
      424: 32/07/07, AUROC: 0.5, AUPRC: 0.007026, Freq: 0.007026
      425: 32/07/07/01, AUROC: 0.5, AUPRC: 0.000781, Freq: 0.000781
      426: 32/07/07/03, AUROC: 0.5, AUPRC: 0.001561, Freq: 0.001561
      427: 32/07/07/05, AUROC: 0.5, AUPRC: 0.002342, Freq: 0.002342
      428: 32/07/07/07, AUROC: 0.5, AUPRC: 0.001561, Freq: 0.001561
      429: 32/10, AUROC: 0.5, AUPRC: 0.000781, Freq: 0.000781
      430: 32/10/03, AUROC: 0.5, AUPRC: 0.000781, Freq: 0.000781
      431: 34, AUROC: 0.513213, AUPRC: 0.142388, Freq: 0.110851
      432: 34/01, AUROC: 0.52443, AUPRC: 0.049243, Freq: 0.041374
      433: 34/01/01, AUROC: 0.525072, AUPRC: 0.04361, Freq: 0.035129
      434: 34/01/01/01, AUROC: 0.510418, AUPRC: 0.021868, Freq: 0.021858
      435: 34/01/01/03, AUROC: 0.650286, AUPRC: 0.089422, Freq: 0.008587
      436: 34/01/03, AUROC: 0.5, AUPRC: 0.005464, Freq: 0.005464
      437: 34/01/03/01, AUROC: 0.5, AUPRC: 0.001561, Freq: 0.001561
      438: 34/01/03/03, AUROC: 0.5, AUPRC: 0.003903, Freq: 0.003903
      440: 34/07, AUROC: 0.499607, AUPRC: 0.006625, Freq: 0.007026
      441: 34/07/01, AUROC: 0.499608, AUPRC: 0.004288, Freq: 0.004684
      442: 34/07/02, AUROC: 0.5, AUPRC: 0.000781, Freq: 0.000781
      443: 34/11, AUROC: 0.542843, AUPRC: 0.086928, Freq: 0.067135
      444: 34/11/03, AUROC: 0.554039, AUPRC: 0.079299, Freq: 0.055425
      445: 34/11/03/07, AUROC: 0.590816, AUPRC: 0.09237, Freq: 0.043716
      446: 34/11/03/11, AUROC: 0.5, AUPRC: 0.001561, Freq: 0.001561
      447: 34/11/03/13, AUROC: 0.49882, AUPRC: 0.007381, Freq: 0.007806
      448: 34/11/09, AUROC: 0.482677, AUPRC: 0.007697, Freq: 0.008587
      450: 34/11/12, AUROC: 0.498821, AUPRC: 0.006606, Freq: 0.007026
      451: 38, AUROC: 0.5, AUPRC: 0.001561, Freq: 0.001561
      452: 38/07, AUROC: 0.5, AUPRC: 0.000781, Freq: 0.000781
      453: 40, AUROC: 0.5, AUPRC: 0.06089, Freq: 0.06089
      454: 40/01, AUROC: 0.5, AUPRC: 0.050742, Freq: 0.050742
      455: 40/01/03, AUROC: 0.5, AUPRC: 0.010148, Freq: 0.010148
      456: 40/01/03/01, AUROC: 0.5, AUPRC: 0.000781, Freq: 0.000781
      457: 40/01/05, AUROC: 0.5, AUPRC: 0.001561, Freq: 0.001561
      459: 40/10, AUROC: 0.5, AUPRC: 0.003903, Freq: 0.003903
      460: 40/10/02, AUROC: 0.5, AUPRC: 0.001561, Freq: 0.001561
      461: 40/10/02/01, AUROC: 0.5, AUPRC: 0.000781, Freq: 0.000781
      462: 40/10/02/02, AUROC: 0.5, AUPRC: 0.000781, Freq: 0.000781
      463: 40/10/02/02/01, AUROC: 0.5, AUPRC: 0.000781, Freq: 0.000781
      466: 40/20, AUROC: 0.5, AUPRC: 0.010148, Freq: 0.010148
      467: 41, AUROC: 0.499606, AUPRC: 0.009741, Freq: 0.010148
      468: 41/01, AUROC: 0.499606, AUPRC: 0.009741, Freq: 0.010148
      469: 41/01/01, AUROC: 0.499606, AUPRC: 0.009741, Freq: 0.010148
      470: 42, AUROC: 0.520797, AUPRC: 0.208822, Freq: 0.192818
      471: 42/01, AUROC: 0.503455, AUPRC: 0.05389, Freq: 0.053084
      474: 42/04, AUROC: 0.498129, AUPRC: 0.056531, Freq: 0.056987
      475: 42/04/03, AUROC: 0.5, AUPRC: 0.018735, Freq: 0.018735
      476: 42/04/05, AUROC: 0.5, AUPRC: 0.010929, Freq: 0.010929
      477: 42/05, AUROC: 0.5, AUPRC: 0.000781, Freq: 0.000781
      478: 42/07, AUROC: 0.492163, AUPRC: 0.003438, Freq: 0.003903
      479: 42/08, AUROC: 0.5, AUPRC: 0.000781, Freq: 0.000781
      480: 42/09, AUROC: 0.473417, AUPRC: 0.001132, Freq: 0.001561
      481: 42/10, AUROC: 0.517321, AUPRC: 0.038876, Freq: 0.035909
      482: 42/10/03, AUROC: 0.539141, AUPRC: 0.021717, Freq: 0.017955
      483: 42/10/05, AUROC: 0.5, AUPRC: 0.01171, Freq: 0.01171
      484: 42/10/07, AUROC: 0.5, AUPRC: 0.000781, Freq: 0.000781
      485: 42/16, AUROC: 0.487461, AUPRC: 0.031819, Freq: 0.033568
      486: 42/19, AUROC: 0.5, AUPRC: 0.007806, Freq: 0.007806
      487: 42/22, AUROC: 0.5, AUPRC: 0.000781, Freq: 0.000781
      488: 42/25, AUROC: 0.5, AUPRC: 0.004684, Freq: 0.004684
      491: 42/29, AUROC: 0.491332, AUPRC: 0.008671, Freq: 0.009368
      492: 43, AUROC: 0.5, AUPRC: 0.107728, Freq: 0.107728
      493: 43/01, AUROC: 0.5, AUPRC: 0.107728, Freq: 0.107728
      494: 43/01/03, AUROC: 0.5, AUPRC: 0.107728, Freq: 0.107728
      495: 43/01/03/05, AUROC: 0.5, AUPRC: 0.075722, Freq: 0.075722
      497: 43/01/03/09, AUROC: 0.5, AUPRC: 0.037471, Freq: 0.037471
      498: 99, AUROC: 0.491778, AUPRC: 0.002679, Freq: 0.003123

Original Model
**************

Combined model with 499 trees with 809 nodes

